
> leo-k-kids-site@1.0.0 qa:learning-simulator:quick
> tsx scripts/learning-simulator/run-orchestrator.mjs quick


═══════════════════════════════════════════════════════════════
  Learning simulator orchestrator — mode: QUICK
  Steps: 7 (stop on first failure)
═══════════════════════════════════════════════════════════════

▶ Coverage matrix
  npm run qa:learning-simulator:matrix

> leo-k-kids-site@1.0.0 qa:learning-simulator:matrix
> tsx scripts/learning-simulator/run-coverage-matrix.mjs

{
  "ok": true,
  "rowCount": 819,
  "outJson": "C:\\Users\\ERAN YOSEF\\Desktop\\final projects\\FINAL-WEB\\LIOSH-WEB-TRY\\reports\\learning-simulator\\coverage-matrix.json",
  "outMd": "C:\\Users\\ERAN YOSEF\\Desktop\\final projects\\FINAL-WEB\\LIOSH-WEB-TRY\\reports\\learning-simulator\\coverage-matrix.md",
  "errors": [],
  "selfTestFailures": []
}
  → exit 0, 913 ms ✓

▶ Schema validation (profiles + scenarios)
  npm run qa:learning-simulator:schema

> leo-k-kids-site@1.0.0 qa:learning-simulator:schema
> tsx scripts/learning-simulator/run-schema-validation.mjs

{
  "ok": true,
  "profiles": 13,
  "scenarios": 22,
  "errors": 0,
  "warnings": 0,
  "outJson": "C:\\Users\\ERAN YOSEF\\Desktop\\final projects\\FINAL-WEB\\LIOSH-WEB-TRY\\reports\\learning-simulator\\schema-validation.json",
  "outMd": "C:\\Users\\ERAN YOSEF\\Desktop\\final projects\\FINAL-WEB\\LIOSH-WEB-TRY\\reports\\learning-simulator\\schema-validation.md"
}
  → exit 0, 944 ms ✓

▶ Aggregate simulator (quick scenarios)
  npm run qa:learning-simulator:aggregate

> leo-k-kids-site@1.0.0 qa:learning-simulator:aggregate
> tsx scripts/learning-simulator/run-aggregate.mjs

Aggregate OK: 10 scenarios, 229 sessions, 3600 questions, 870 mistake rows.
  → exit 0, 971 ms ✓

▶ Parent report assertions (Phase 3)
  npm run qa:learning-simulator:reports

> leo-k-kids-site@1.0.0 qa:learning-simulator:reports
> tsx scripts/learning-simulator/run-report-assertions.mjs

{
  "scenarios": 10,
  "passed": 10,
  "assertions": 19,
  "outJson": "C:\\Users\\ERAN YOSEF\\Desktop\\final projects\\FINAL-WEB\\LIOSH-WEB-TRY\\reports\\learning-simulator\\reports\\run-summary.json"
}
  → exit 0, 2124 ms ✓

▶ Engine truth audit (aggregation ↔ diagnosis V2 ↔ report model)
  npm run qa:learning-simulator:engine

> leo-k-kids-site@1.0.0 qa:learning-simulator:engine
> tsx scripts/learning-simulator/run-engine-truth-audit.mjs


═══════════════════════════════════════════════════════════════
  Engine truth audit: PASS
  Summary: C:\Users\ERAN YOSEF\Desktop\final projects\FINAL-WEB\LIOSH-WEB-TRY\reports\learning-simulator\engine-truth\engine-truth-summary.json
═══════════════════════════════════════════════════════════════

  → exit 0, 3151 ms ✓

▶ Behavior checks (Phase 5)
  npm run qa:learning-simulator:behavior

> leo-k-kids-site@1.0.0 qa:learning-simulator:behavior
> tsx scripts/learning-simulator/run-behavior-checks.mjs

{
  "ok": true,
  "scenarios": 10,
  "scenariosPassed": 10,
  "assertionsEvaluated": 32,
  "assertionsPassed": 32,
  "failures": 0
}
  → exit 0, 2996 ms ✓

▶ Question integrity (Phase 4)
  npm run qa:learning-simulator:questions

> leo-k-kids-site@1.0.0 qa:learning-simulator:questions
> tsx scripts/learning-simulator/run-question-integrity.mjs

{
  "cellsScanned": 819,
  "cellsFullyPassed": 747,
  "questionsGenerated": 2241,
  "checksPassed": 2241,
  "checksFailed": 0,
  "warnings": 216,
  "unsupportedCells": 72
}
  → exit 0, 1484 ms ✓

───────────────────────────────────────────────────────────────
  Finished: PASS  |  12589 ms total
  Summary: C:\Users\ERAN YOSEF\Desktop\final projects\FINAL-WEB\LIOSH-WEB-TRY\reports\learning-simulator\orchestrator\run-summary.json
───────────────────────────────────────────────────────────────



---


> leo-k-kids-site@1.0.0 qa:learning-simulator:full
> tsx scripts/learning-simulator/run-orchestrator.mjs full


═══════════════════════════════════════════════════════════════
  Learning simulator orchestrator — mode: FULL
  Steps: 43 (stop on first failure)
═══════════════════════════════════════════════════════════════

▶ Coverage matrix
  npm run qa:learning-simulator:matrix

> leo-k-kids-site@1.0.0 qa:learning-simulator:matrix
> tsx scripts/learning-simulator/run-coverage-matrix.mjs

{
  "ok": true,
  "rowCount": 819,
  "outJson": "C:\\Users\\ERAN YOSEF\\Desktop\\final projects\\FINAL-WEB\\LIOSH-WEB-TRY\\reports\\learning-simulator\\coverage-matrix.json",
  "outMd": "C:\\Users\\ERAN YOSEF\\Desktop\\final projects\\FINAL-WEB\\LIOSH-WEB-TRY\\reports\\learning-simulator\\coverage-matrix.md",
  "errors": [],
  "selfTestFailures": []
}
  → exit 0, 1118 ms ✓

▶ Schema validation (profiles + scenarios)
  npm run qa:learning-simulator:schema

> leo-k-kids-site@1.0.0 qa:learning-simulator:schema
> tsx scripts/learning-simulator/run-schema-validation.mjs

{
  "ok": true,
  "profiles": 13,
  "scenarios": 22,
  "errors": 0,
  "warnings": 0,
  "outJson": "C:\\Users\\ERAN YOSEF\\Desktop\\final projects\\FINAL-WEB\\LIOSH-WEB-TRY\\reports\\learning-simulator\\schema-validation.json",
  "outMd": "C:\\Users\\ERAN YOSEF\\Desktop\\final projects\\FINAL-WEB\\LIOSH-WEB-TRY\\reports\\learning-simulator\\schema-validation.md"
}
  → exit 0, 984 ms ✓

▶ Aggregate simulator (quick scenarios)
  npm run qa:learning-simulator:aggregate

> leo-k-kids-site@1.0.0 qa:learning-simulator:aggregate
> tsx scripts/learning-simulator/run-aggregate.mjs

Aggregate OK: 10 scenarios, 229 sessions, 3600 questions, 870 mistake rows.
  → exit 0, 959 ms ✓

▶ Parent report assertions (Phase 3)
  npm run qa:learning-simulator:reports

> leo-k-kids-site@1.0.0 qa:learning-simulator:reports
> tsx scripts/learning-simulator/run-report-assertions.mjs

{
  "scenarios": 10,
  "passed": 10,
  "assertions": 19,
  "outJson": "C:\\Users\\ERAN YOSEF\\Desktop\\final projects\\FINAL-WEB\\LIOSH-WEB-TRY\\reports\\learning-simulator\\reports\\run-summary.json"
}
  → exit 0, 2358 ms ✓

▶ Engine truth audit (aggregation ↔ diagnosis V2 ↔ report model)
  npm run qa:learning-simulator:engine

> leo-k-kids-site@1.0.0 qa:learning-simulator:engine
> tsx scripts/learning-simulator/run-engine-truth-audit.mjs


═══════════════════════════════════════════════════════════════
  Engine truth audit: PASS
  Summary: C:\Users\ERAN YOSEF\Desktop\final projects\FINAL-WEB\LIOSH-WEB-TRY\reports\learning-simulator\engine-truth\engine-truth-summary.json
═══════════════════════════════════════════════════════════════

  → exit 0, 3918 ms ✓

▶ Professional diagnostic framework QA (mock contracts)
  npm run qa:learning-simulator:diagnostic-framework

> leo-k-kids-site@1.0.0 qa:learning-simulator:diagnostic-framework
> tsx scripts/learning-simulator/run-diagnostic-framework-qa.mjs

qa:learning-simulator:diagnostic-framework PASS
Wrote: C:\Users\ERAN YOSEF\Desktop\final projects\FINAL-WEB\LIOSH-WEB-TRY\reports\learning-simulator\professional-diagnostics/framework-audit.{json,md}, framework-summary.{json,md}
  → exit 0, 2555 ms ✓

▶ Professional framework real scenario validation
  npm run qa:learning-simulator:framework-real-scenarios

> leo-k-kids-site@1.0.0 qa:learning-simulator:framework-real-scenarios
> tsx scripts/learning-simulator/run-real-scenario-framework-validation.mjs

Real scenario framework validation: PASS
Wrote C:\Users\ERAN YOSEF\Desktop\final projects\FINAL-WEB\LIOSH-WEB-TRY\reports\learning-simulator\engine-completion\real-scenario-framework-validation.json
Wrote C:\Users\ERAN YOSEF\Desktop\final projects\FINAL-WEB\LIOSH-WEB-TRY\reports\learning-simulator\engine-completion\engine-completion-summary.json
  → exit 0, 3690 ms ✓

▶ Engine completion summary artifact
  npm run qa:learning-simulator:engine-completion-summary

> leo-k-kids-site@1.0.0 qa:learning-simulator:engine-completion-summary
> tsx scripts/learning-simulator/run-engine-completion-summary.mjs

Wrote C:\Users\ERAN YOSEF\Desktop\final projects\FINAL-WEB\LIOSH-WEB-TRY\reports\learning-simulator\engine-completion\engine-completion-summary.json
  → exit 0, 1693 ms ✓

▶ Question bank metadata gate (static scan + taxonomy blocking policy)
  npm run qa:question-metadata

> leo-k-kids-site@1.0.0 qa:question-metadata
> tsx scripts/question-metadata-qa.mjs


═══════════════════════════════════════════════════════════════
  Question metadata QA — gateDecision: pass_with_advisory
  scanOutcome: ok | advisoryStatus: WARN
  Blocking (policy): 0 | Advisory: 15876 | Exempt: 878
  High risk: 439 | Medium risk: 0
  Top blocking: —
  Top advisory: missing_prerequisite_skill_ids=5750, implicit_id_only=5373, missing_explanation=4753
  Reports: C:\Users\ERAN YOSEF\Desktop\final projects\FINAL-WEB\LIOSH-WEB-TRY\reports\question-metadata-qa\summary.json
═══════════════════════════════════════════════════════════════

  → exit 0, 1722 ms ✓

▶ Question skill metadata QA
  npm run qa:learning-simulator:question-skill-metadata

> leo-k-kids-site@1.0.0 qa:learning-simulator:question-skill-metadata
> tsx scripts/learning-simulator/run-question-skill-metadata-qa.mjs

PASS: question-skill-metadata QA
  C:\Users\ERAN YOSEF\Desktop\final projects\FINAL-WEB\LIOSH-WEB-TRY\reports\learning-simulator\engine-professionalization\question-skill-tagging-audit.json
  → exit 0, 1557 ms ✓

▶ Misconception engine QA
  npm run qa:learning-simulator:misconceptions

> leo-k-kids-site@1.0.0 qa:learning-simulator:misconceptions
> tsx scripts/learning-simulator/run-misconception-qa.mjs

PASS: misconception-engine QA
  → exit 0, 1011 ms ✓

▶ Mastery engine QA
  npm run qa:learning-simulator:mastery

> leo-k-kids-site@1.0.0 qa:learning-simulator:mastery
> tsx scripts/learning-simulator/run-mastery-qa.mjs

PASS: mastery-engine QA
  → exit 0, 983 ms ✓

▶ Dependency engine QA
  npm run qa:learning-simulator:dependencies

> leo-k-kids-site@1.0.0 qa:learning-simulator:dependencies
> tsx scripts/learning-simulator/run-dependency-qa.mjs

PASS: dependency-engine QA
  → exit 0, 1096 ms ✓

▶ Calibration engine QA
  npm run qa:learning-simulator:calibration

> leo-k-kids-site@1.0.0 qa:learning-simulator:calibration
> tsx scripts/learning-simulator/run-calibration-qa.mjs

PASS: calibration-engine QA
  → exit 0, 986 ms ✓

▶ Reliability engine QA
  npm run qa:learning-simulator:reliability

> leo-k-kids-site@1.0.0 qa:learning-simulator:reliability
> tsx scripts/learning-simulator/run-reliability-qa.mjs

PASS: reliability-engine QA
  → exit 0, 989 ms ✓

▶ Probe engine QA
  npm run qa:learning-simulator:probes

> leo-k-kids-site@1.0.0 qa:learning-simulator:probes
> tsx scripts/learning-simulator/run-probe-qa.mjs

PASS: probe-engine QA
  → exit 0, 1012 ms ✓

▶ Cross-subject engine QA
  npm run qa:learning-simulator:cross-subject

> leo-k-kids-site@1.0.0 qa:learning-simulator:cross-subject
> tsx scripts/learning-simulator/run-cross-subject-qa.mjs

PASS: cross-subject-engine QA
  → exit 0, 947 ms ✓

▶ Professional engine output QA
  npm run qa:learning-simulator:professional-engine-output

> leo-k-kids-site@1.0.0 qa:learning-simulator:professional-engine-output
> tsx scripts/learning-simulator/run-professional-engine-output-qa.mjs

PASS: professional-engine-output QA
  → exit 0, 980 ms ✓

▶ Professional engine synthetic validation
  npm run qa:learning-simulator:professional-engine

> leo-k-kids-site@1.0.0 qa:learning-simulator:professional-engine
> tsx scripts/learning-simulator/run-professional-engine-validation.mjs

PASS: professional-engine validation
  → exit 0, 1152 ms ✓

▶ Adaptive planner artifacts (metadata-backed non-live safety gate)
  npm run test:adaptive-planner:artifacts

> leo-k-kids-site@1.0.0 test:adaptive-planner:artifacts
> tsx scripts/adaptive-planner-artifact-runner.mjs

Adaptive planner: using metadata index snapshot (5419 entries)
OK — 126 planner runs; wrote reports\adaptive-learning-planner\artifact-summary.json
  → exit 0, 1410 ms ✓

▶ Adaptive planner runtime bridge (practice snapshot → recommendation)
  npm run test:adaptive-planner:runtime

> leo-k-kids-site@1.0.0 test:adaptive-planner:runtime
> tsx scripts/adaptive-planner-runtime-bridge.mjs

OK  Hebrew reading practice → ok + diagnostics
OK  Geometry perimeter (topic alignment path)
OK  English grammar (safe metadata routing)
OK  Math multiplication row
OK  Missing metadata index → fail-safe (no throw)
OK  Invalid payload (missing subject) → ok false
adaptive-planner-runtime-bridge.mjs: all checks passed
  → exit 0, 1028 ms ✓

▶ Adaptive planner recommendation UI mapping (Phase 3 gates)
  npm run test:adaptive-planner:recommendation-ui

> leo-k-kids-site@1.0.0 test:adaptive-planner:recommendation-ui
> tsx scripts/adaptive-planner-recommendation-ui.mjs

OK  map advance_skill → approved Hebrew
OK  map maintain_skill
OK  map practice_current → remediate copy
OK  map probe_skill → review copy
OK  map review_prerequisite → review copy
OK  ok=false → no view model
OK  safetyViolationCount>0 → hidden
OK  metadataSubjectFallback → hidden
OK  ok=true safe payload → view model (no leaked internals)
OK  schedule returns undefined when flag off (no throw)
adaptive-planner-recommendation-ui.mjs: all checks passed
  → exit 0, 647 ms ✓

▶ Adaptive planner recommended practice (Phase 4 adapter + button rules)
  npm run test:adaptive-planner:recommended-practice

> leo-k-kids-site@1.0.0 test:adaptive-planner:recommended-practice
> tsx scripts/adaptive-planner-recommended-practice.mjs

OK  adapter maps targetDifficulty / questionCount / nextAction
OK  tri-level map: standard → medium
OK  tri-level map: unknown → null (safe degrade)
OK  adapter ok=false when view model null
OK  adapter ok=false when missing nextAction
OK  mergePlannerSessionClientMeta adds markers only
OK  button hidden when no callback
OK  button visible when callback + safe vm
OK  button hidden for null recommendation
OK  button hidden when ok=false payload (no vm)
OK  button hidden when safetyViolationCount>0
OK  view model never exposes reasonCodes/mustNotSay on forPractice
OK  Hebrew button label constant
OK  schedule flag off unchanged (undefined)
adaptive-planner-recommended-practice.mjs: all checks passed
  → exit 0, 647 ms ✓

▶ Adaptive planner AI explainer guards (Phase 5)
  npm run test:adaptive-planner:ai-explainer

> leo-k-kids-site@1.0.0 test:adaptive-planner:ai-explainer
> tsx scripts/adaptive-planner-ai-explainer.mjs

OK  validator rejects markdown
OK  validator rejects English planner labels
OK  validator rejects too long
OK  validator rejects emoji
OK  validator rejects digits
OK  validator rejects pressure Hebrew
OK  validator accepts safe Hebrew one-liner
OK  strict explainer input excludes unknown keys (shape)
OK  server explainer disabled → buildAdaptivePlannerAIExplanation not ok
OK  server explainer enabled + deterministic only → ok text
OK  view model hides explanation when client display flag off
OK  view model includes explanation when client flag on and API safe
OK  view model drops invalid explanation text
OK  fixed Hebrew UI label constant
OK  isAdaptivePlannerAIExplainerServerEnabled respects env
adaptive-planner-ai-explainer.mjs: all checks passed
  → exit 0, 621 ms ✓

▶ Behavior checks (Phase 5)
  npm run qa:learning-simulator:behavior

> leo-k-kids-site@1.0.0 qa:learning-simulator:behavior
> tsx scripts/learning-simulator/run-behavior-checks.mjs

{
  "ok": true,
  "scenarios": 10,
  "scenariosPassed": 10,
  "assertionsEvaluated": 32,
  "assertionsPassed": 32,
  "failures": 0
}
  → exit 0, 708 ms ✓

▶ Question integrity (Phase 4)
  npm run qa:learning-simulator:questions

> leo-k-kids-site@1.0.0 qa:learning-simulator:questions
> tsx scripts/learning-simulator/run-question-integrity.mjs

{
  "cellsScanned": 819,
  "cellsFullyPassed": 747,
  "questionsGenerated": 2241,
  "checksPassed": 2241,
  "checksFailed": 0,
  "warnings": 216,
  "unsupportedCells": 72
}
  → exit 0, 1417 ms ✓

▶ Matrix smoke (sampled cells → aggregate)
  npm run qa:learning-simulator:matrix-smoke

> leo-k-kids-site@1.0.0 qa:learning-simulator:matrix-smoke
> tsx scripts/learning-simulator/run-matrix-smoke.mjs

Wrote C:\Users\ERAN YOSEF\Desktop\final projects\FINAL-WEB\LIOSH-WEB-TRY\reports\learning-simulator\matrix-smoke.json
Wrote C:\Users\ERAN YOSEF\Desktop\final projects\FINAL-WEB\LIOSH-WEB-TRY\reports\learning-simulator\matrix-smoke.md
Matrix smoke: 712 cells touched / 712 candidates · 0 failure records
Matrix smoke gate: PASS
  → exit 0, 1165 ms ✓

▶ Coverage catalog (819 cells)
  npm run qa:learning-simulator:coverage

> leo-k-kids-site@1.0.0 qa:learning-simulator:coverage
> tsx scripts/learning-simulator/run-coverage-catalog.mjs

Wrote C:\Users\ERAN YOSEF\Desktop\final projects\FINAL-WEB\LIOSH-WEB-TRY\reports\learning-simulator\coverage-catalog.json
Wrote C:\Users\ERAN YOSEF\Desktop\final projects\FINAL-WEB\LIOSH-WEB-TRY\reports\learning-simulator\coverage-catalog.md
Coverage catalog: OK
  → exit 0, 1069 ms ✓

▶ Unsupported cells classification
  npm run qa:learning-simulator:unsupported

> leo-k-kids-site@1.0.0 qa:learning-simulator:unsupported
> tsx scripts/learning-simulator/run-unsupported-cells.mjs

Wrote C:\Users\ERAN YOSEF\Desktop\final projects\FINAL-WEB\LIOSH-WEB-TRY\reports\learning-simulator\unsupported-cells.json
Wrote C:\Users\ERAN YOSEF\Desktop\final projects\FINAL-WEB\LIOSH-WEB-TRY\reports\learning-simulator\unsupported-cells.md
Unsupported cells gate: PASS
  → exit 0, 999 ms ✓

▶ Content gap audit (informational)
  npm run qa:learning-simulator:content-gaps

> leo-k-kids-site@1.0.0 qa:learning-simulator:content-gaps
> tsx scripts/learning-simulator/run-content-gap-audit.mjs

{
  "ok": true,
  "total": 0,
  "unknown": 0,
  "outJson": "C:\\Users\\ERAN YOSEF\\Desktop\\final projects\\FINAL-WEB\\LIOSH-WEB-TRY\\reports\\learning-simulator\\content-gap-audit.json"
}
  → exit 0, 1011 ms ✓

▶ Content gap backlog (documentation)
  npm run qa:learning-simulator:content-backlog

> leo-k-kids-site@1.0.0 qa:learning-simulator:content-backlog
> tsx scripts/learning-simulator/run-content-gap-backlog.mjs

{
  "ok": true,
  "totalBacklogItems": 0,
  "needsReview": 0,
  "outJson": "C:\\Users\\ERAN YOSEF\\Desktop\\final projects\\FINAL-WEB\\LIOSH-WEB-TRY\\reports\\learning-simulator\\content-gap-backlog.json"
}
  → exit 0, 959 ms ✓

▶ Scenario coverage (fixtures + smoke)
  npm run qa:learning-simulator:scenario-coverage

> leo-k-kids-site@1.0.0 qa:learning-simulator:scenario-coverage
> tsx scripts/learning-simulator/run-scenario-coverage.mjs

Wrote C:\Users\ERAN YOSEF\Desktop\final projects\FINAL-WEB\LIOSH-WEB-TRY\reports\learning-simulator\scenario-coverage.json
Wrote C:\Users\ERAN YOSEF\Desktop\final projects\FINAL-WEB\LIOSH-WEB-TRY\reports\learning-simulator\scenario-coverage.md
Scenario coverage: OK
  → exit 0, 1067 ms ✓

▶ Critical matrix deep assertions
  npm run qa:learning-simulator:critical-deep

> leo-k-kids-site@1.0.0 qa:learning-simulator:critical-deep
> tsx scripts/learning-simulator/run-critical-matrix-deep.mjs

{
  "ok": true,
  "scenarios": 108,
  "failures": 0,
  "outJson": "C:\\Users\\ERAN YOSEF\\Desktop\\final projects\\FINAL-WEB\\LIOSH-WEB-TRY\\reports\\learning-simulator\\critical-matrix-deep.json"
}
  → exit 0, 2737 ms ✓

▶ Profile stress (synthetic profiles)
  npm run qa:learning-simulator:profile-stress

> leo-k-kids-site@1.0.0 qa:learning-simulator:profile-stress
> tsx scripts/learning-simulator/run-profile-stress.mjs

{
  "ok": true,
  "scenarios": 112,
  "failures": 0,
  "outJson": "C:\\Users\\ERAN YOSEF\\Desktop\\final projects\\FINAL-WEB\\LIOSH-WEB-TRY\\reports\\learning-simulator\\profile-stress.json"
}
  → exit 0, 3576 ms ✓

▶ Scenario coverage (+ critical deep + profile stress)
  npm run qa:learning-simulator:scenario-coverage

> leo-k-kids-site@1.0.0 qa:learning-simulator:scenario-coverage
> tsx scripts/learning-simulator/run-scenario-coverage.mjs

Wrote C:\Users\ERAN YOSEF\Desktop\final projects\FINAL-WEB\LIOSH-WEB-TRY\reports\learning-simulator\scenario-coverage.json
Wrote C:\Users\ERAN YOSEF\Desktop\final projects\FINAL-WEB\LIOSH-WEB-TRY\reports\learning-simulator\scenario-coverage.md
Scenario coverage: OK
  → exit 0, 837 ms ✓

▶ Render release gate (browser/SSR smoke for learning + parent-report)
  npm run qa:learning-simulator:render

> leo-k-kids-site@1.0.0 qa:learning-simulator:render
> tsx scripts/learning-simulator/run-render-release-gate.mjs

Render gate: dev server failed to start
  → exit 1, 610225 ms ✗

Orchestrator: stopping after failure (renderReleaseGate).
───────────────────────────────────────────────────────────────
  Finished: FAIL  |  659852 ms total
  Summary: C:\Users\ERAN YOSEF\Desktop\final projects\FINAL-WEB\LIOSH-WEB-TRY\reports\learning-simulator\orchestrator\run-summary.json
───────────────────────────────────────────────────────────────

