
> leo-k-kids-site@1.0.0 test:parent-ai-context:consistency
> tsx scripts/parent-ai-context-consistency.mjs

OK  TC1: secondary-source mode passes (no anchored data, raw aggregates legitimate)
OK  TC2: anchored eligible payload — both projections agree, zero issues
OK  TC3: anchored cannotConcludeYet payload — strict stays conservative
OK  TC4: NEGATIVE — cannot-conclude truth vs advance strict is detected as hard issue
OK  TC5: NEGATIVE — eligible+confident truth vs pause/thin strict is detected
OK  TC6: NEGATIVE — non-executive scope subject mismatch is detected
OK  TC7: degenerate inputs are safe
OK  TC8: real fixtures both round-trip through buildTruthPacketV1 (sanity)
parent-ai-context-consistency.mjs: all checks passed


---


> leo-k-kids-site@1.0.0 test:parent-report-ai:integration
> tsx scripts/parent-report-ai-integration.mjs

OK  sync deterministic short report insight (PDF-first paint)
OK  strict adapter input uses only allowlisted keys
OK  enrichParentReportWithParentAi returns safe explanation without API key
OK  unsafe Hebrew fails validateParentReportAIText
OK  unsafe model output rejected; deterministic fallback used
OK  narrative guard blocks overconfident thin framing
OK  Phase C detailed payload → Parent AI insight + validation
parent-report-ai-integration.mjs: all checks passed


---


> leo-k-kids-site@1.0.0 test:parent-report-ai:scenario-simulator
> tsx scripts/parent-report-ai-scenario-simulator.mjs

Wrote C:\Users\ERAN YOSEF\Desktop\final projects\FINAL-WEB\LIOSH-WEB-TRY\reports\parent-report-ai\scenario-simulator.json
Wrote C:\Users\ERAN YOSEF\Desktop\final projects\FINAL-WEB\LIOSH-WEB-TRY\reports\parent-report-ai\scenario-simulator.md
All scenarios passed: true (live AI: false)
