
> leo-k-kids-site@1.0.0 qa:parent-pdf-export
> tsx scripts/qa-parent-pdf-export.mjs

Error: QA PDF gate cannot reach http://127.0.0.1:9877/learning/parent-report-detailed (HTTP 500). Start Next dev (e.g. npm run dev), then set QA_BASE_URL if not using default port.
    at assertDevServerReachable (file:///C:/Users/ERAN%20YOSEF/Desktop/final%20projects/FINAL-WEB/LIOSH-WEB-TRY/scripts/qa-parent-pdf-export.mjs:55:9)
    at async main (file:///C:/Users/ERAN%20YOSEF/Desktop/final%20projects/FINAL-WEB/LIOSH-WEB-TRY/scripts/qa-parent-pdf-export.mjs:153:3)


---

npm warn exec The following package was not found and will be installed: node@24.15.0
node:internal/modules/cjs/loader:1479
  throw err;
  ^

Error: Cannot find module 'C:\Users\ERAN'
    at Module._resolveFilename (node:internal/modules/cjs/loader:1476:15)
    at wrapResolveFilename (node:internal/modules/cjs/loader:1049:27)
    at defaultResolveImplForCJSLoading (node:internal/modules/cjs/loader:1073:10)
    at resolveForCJSWithHooks (node:internal/modules/cjs/loader:1094:12)
    at Module._load (node:internal/modules/cjs/loader:1262:25)
    at wrapModuleLoad (node:internal/modules/cjs/loader:255:19)
    at Module.executeUserEntryPoint [as runMain] (node:internal/modules/run_main:154:5)
    at node:internal/main/run_main_module:33:47 {
  code: 'MODULE_NOT_FOUND',
  requireStack: []
}

Node.js v24.15.0


---


> leo-k-kids-site@1.0.0 qa:learning-simulator:pdf-export
> tsx scripts/learning-simulator/run-pdf-export-gate.mjs

